-------------------------------------------------------------------------------
Test set: Testing.BanDaoTest
-------------------------------------------------------------------------------
Tests run: 4, Failures: 1, Errors: 0, Skipped: 0, Time elapsed: 0.727 s <<< FAILURE! - in Testing.BanDaoTest
deleteBan  Time elapsed: 0.089 s  <<< FAILURE!
org.opentest4j.AssertionFailedError: expected: <true> but was: <false>
	at Testing.BanDaoTest.deleteBan(BanDaoTest.java:85)

