-------------------------------------------------------------------------------
Test set: Testing.ChiTietHoaDonDaoTest
-------------------------------------------------------------------------------
Tests run: 1, Failures: 1, Errors: 0, Skipped: 0, Time elapsed: 0.362 s <<< FAILURE! - in Testing.ChiTietHoaDonDaoTest
getTongSoHoaDon  Time elapsed: 0.362 s  <<< FAILURE!
org.opentest4j.AssertionFailedError: expected: <true> but was: <false>
	at Testing.ChiTietHoaDonDaoTest.getTongSoHoaDon(ChiTietHoaDonDaoTest.java:50)

